#
# There is insufficient memory for the Java Runtime Environment to continue.
# Native memory allocation (mmap) failed to map 264241152 bytes for G1 virtual space
# Possible reasons:
#   The system is out of physical RAM or swap space
#   The process is running with CompressedOops enabled, and the Java Heap may be blocking the growth of the native heap
# Possible solutions:
#   Reduce memory load on the system
#   Increase physical memory or swap space
#   Check if swap backing store is full
#   Decrease Java heap size (-Xmx/-Xms)
#   Decrease number of Java threads
#   Decrease Java thread stack sizes (-Xss)
#   Set larger code cache with -XX:ReservedCodeCacheSize=
#   JVM is running with Zero Based Compressed Oops mode in which the Java heap is
#     placed in the first 32GB address space. The Java Heap base address is the
#     maximum limit for the native heap growth. Please use -XX:HeapBaseMinAddress
#     to set the Java Heap base and to place the Java Heap above 32GB virtual address.
# This output file may be truncated or incomplete.
#
#  Out of Memory Error (os_windows.cpp:3825), pid=13892, tid=6376
#
# JRE version:  (17.0.10) (build )
# Java VM: OpenJDK 64-Bit Server VM (17.0.10+0--11572160, mixed mode, sharing, tiered, compressed oops, compressed class ptrs, g1 gc, windows-amd64)
# No core dump will be written. Minidumps are not enabled by default on client versions of Windows
#

---------------  S U M M A R Y ------------

Command Line: git4idea.http.GitAskPassApp Username for 'https://github.com': 

Host: Intel(R) Core(TM) i7-7500U CPU @ 2.70GHz, 4 cores, 15G,  Windows 10 , 64 bit Build 19041 (10.0.19041.3636)
Time: Tue Jun  4 01:27:29 2024 India Standard Time elapsed time: 0.014611 seconds (0d 0h 0m 0s)

---------------  T H R E A D  ---------------

Current thread (0x00000271008406b0):  JavaThread "Unknown thread" [_thread_in_vm, id=6376, stack(0x0000009b71000000,0x0000009b71100000)]

Stack: [0x0000009b71000000,0x0000009b71100000]
Native frames: (J=compiled Java code, j=interpreted, Vv=VM code, C=native code)
V  [jvm.dll+0x688e89]
V  [jvm.dll+0x84247a]
V  [jvm.dll+0x8440be]
V  [jvm.dll+0x844723]
V  [jvm.dll+0x24be0f]
V  [jvm.dll+0x685c59]
V  [jvm.dll+0x67a50a]
V  [jvm.dll+0x30cbab]
V  [jvm.dll+0x314056]
V  [jvm.dll+0x363dce]
V  [jvm.dll+0x363fff]
V  [jvm.dll+0x2e2978]
V  [jvm.dll+0x2e38e4]
V  [jvm.dll+0x813011]
V  [jvm.dll+0x371c81]
V  [jvm.dll+0x7f1b66]
V  [jvm.dll+0x3f58df]
V  [jvm.dll+0x3f7511]
C  [jli.dll+0x528f]
C  [ucrtbase.dll+0x21bb2]
C  [KERNEL32.DLL+0x17344]
C  [ntdll.dll+0x526b1]


---------------  P R O C E S S  ---------------

Threads class SMR info:
_java_thread_list=0x00007ffb00b3ef58, length=0, elements={
}

Java Threads: ( => current thread )

Other Threads:
  0x00000271008a8c40 GCTaskThread "GC Thread#0" [stack: 0x0000009b71100000,0x0000009b71200000] [id=15812]
  0x00000271008b9e30 ConcurrentGCThread "G1 Main Marker" [stack: 0x0000009b71200000,0x0000009b71300000] [id=12788]
  0x00000271008baf00 ConcurrentGCThread "G1 Conc#0" [stack: 0x0000009b71300000,0x0000009b71400000] [id=9208]

[error occurred during error reporting (printing all threads), id 0xc0000005, EXCEPTION_ACCESS_VIOLATION (0xc0000005) at pc=0x00007ffb002f3547]

VM state: not at safepoint (not fully initialized)

VM Mutex/Monitor currently owned by a thread:  ([mutex/lock_event])
[0x000002710083cc00] Heap_lock - owner thread: 0x00000271008406b0

Heap address: 0x0000000704800000, size: 4024 MB, Compressed Oops mode: Zero based, Oop shift amount: 3

CDS archive(s) mapped at: [0x0000000000000000-0x0000000000000000-0x0000000000000000), size 0, SharedBaseAddress: 0x0000000800000000, ArchiveRelocationMode: 1.
Narrow klass base: 0x0000000000000000, Narrow klass shift: 0, Narrow klass range: 0x0

GC Precious Log:
<Empty>

Heap:
 garbage-first heap   total 0K, used 0K [0x0000000704800000, 0x0000000800000000)
  region size 2048K, 0 young (0K), 0 survivors (0K)
 Metaspace       used 0K, committed 0K, reserved 0K
  class space    used 0K, committed 0K, reserved 0K

Heap Regions: E=young(eden), S=young(survivor), O=old, HS=humongous(starts), HC=humongous(continues), CS=collection set, F=free, OA=open archive, CA=closed archive, TAMS=top-at-mark-start (previous, next)

Card table byte_map: [0x0000027113500000,0x0000027113ce0000] _byte_map_base: 0x000002710fcdc000

Marking Bits (Prev, Next): (CMBitMap*) 0x00000271008a9170, (CMBitMap*) 0x00000271008a91b0
 Prev Bits: [0x00000271144c0000, 0x00000271183a0000)
 Next Bits: [0x00000271183a0000, 0x000002711c280000)

GC Heap History (0 events):
No events

Dll operation events (1 events):
Event: 0.010 Loaded shared library C:\Program Files\Android\Android Studio1\jbr\bin\java.dll

Deoptimization events (0 events):
No events

Classes unloaded (0 events):
No events

Classes redefined (0 events):
No events

Internal exceptions (0 events):
No events

VM Operations (0 events):
No events

Events (0 events):
No events


Dynamic libraries:
0x00007ff605a60000 - 0x00007ff605a6a000 	C:\Program Files\Android\Android Studio1\jbr\bin\java.exe
0x00007ffb3e870000 - 0x00007ffb3ea68000 	C:\Windows\SYSTEM32\ntdll.dll
0x00007ffb3cb80000 - 0x00007ffb3cc3d000 	C:\Windows\System32\KERNEL32.DLL
0x00007ffb3c2e0000 - 0x00007ffb3c5d6000 	C:\Windows\System32\KERNELBASE.dll
0x00007ffb3bff0000 - 0x00007ffb3c0f0000 	C:\Windows\System32\ucrtbase.dll
0x00007ffb31850000 - 0x00007ffb31867000 	C:\Program Files\Android\Android Studio1\jbr\bin\jli.dll
0x00007ffb35940000 - 0x00007ffb3595b000 	C:\Program Files\Android\Android Studio1\jbr\bin\VCRUNTIME140.dll
0x00007ffb3e690000 - 0x00007ffb3e82f000 	C:\Windows\System32\USER32.dll
0x00007ffb3c5e0000 - 0x00007ffb3c602000 	C:\Windows\System32\win32u.dll
0x00007ffb3e490000 - 0x00007ffb3e4bb000 	C:\Windows\System32\GDI32.dll
0x00007ffb29a40000 - 0x00007ffb29cda000 	C:\Windows\WinSxS\amd64_microsoft.windows.common-controls_6595b64144ccf1df_6.0.19041.4355_none_60b8b9eb71f62e16\COMCTL32.dll
0x00007ffb3c780000 - 0x00007ffb3c897000 	C:\Windows\System32\gdi32full.dll
0x00007ffb3d3e0000 - 0x00007ffb3d47e000 	C:\Windows\System32\msvcrt.dll
0x00007ffb3bf50000 - 0x00007ffb3bfed000 	C:\Windows\System32\msvcp_win.dll
0x00007ffb3cb40000 - 0x00007ffb3cb72000 	C:\Windows\System32\IMM32.DLL
0x00007ffb35930000 - 0x00007ffb3593c000 	C:\Program Files\Android\Android Studio1\jbr\bin\vcruntime140_1.dll
0x00007ffb071a0000 - 0x00007ffb0722d000 	C:\Program Files\Android\Android Studio1\jbr\bin\msvcp140.dll
0x00007ffb00000000 - 0x00007ffb00c83000 	C:\Program Files\Android\Android Studio1\jbr\bin\server\jvm.dll
0x00007ffb3daa0000 - 0x00007ffb3db50000 	C:\Windows\System32\ADVAPI32.dll
0x00007ffb3e4c0000 - 0x00007ffb3e560000 	C:\Windows\System32\sechost.dll
0x00007ffb3c960000 - 0x00007ffb3ca83000 	C:\Windows\System32\RPCRT4.dll
0x00007ffb3bf20000 - 0x00007ffb3bf47000 	C:\Windows\System32\bcrypt.dll
0x00007ffb3b4a0000 - 0x00007ffb3b4eb000 	C:\Windows\SYSTEM32\POWRPROF.dll
0x00007ffb268f0000 - 0x00007ffb268f9000 	C:\Windows\SYSTEM32\WSOCK32.dll
0x00007ffb29410000 - 0x00007ffb29437000 	C:\Windows\SYSTEM32\WINMM.dll
0x00007ffb3d1a0000 - 0x00007ffb3d20b000 	C:\Windows\System32\WS2_32.dll
0x00007ffb35370000 - 0x00007ffb3537a000 	C:\Windows\SYSTEM32\VERSION.dll
0x00007ffb3b310000 - 0x00007ffb3b322000 	C:\Windows\SYSTEM32\UMPDC.dll
0x00007ffb3a730000 - 0x00007ffb3a742000 	C:\Windows\SYSTEM32\kernel.appcore.dll
0x00007ffb38cb0000 - 0x00007ffb38cba000 	C:\Program Files\Android\Android Studio1\jbr\bin\jimage.dll
0x00007ffb3a440000 - 0x00007ffb3a624000 	C:\Windows\SYSTEM32\DBGHELP.DLL
0x00007ffb1a1c0000 - 0x00007ffb1a1f4000 	C:\Windows\SYSTEM32\dbgcore.DLL
0x00007ffb3c250000 - 0x00007ffb3c2d2000 	C:\Windows\System32\bcryptPrimitives.dll
0x00007ffb35a50000 - 0x00007ffb35a75000 	C:\Program Files\Android\Android Studio1\jbr\bin\java.dll

dbghelp: loaded successfully - version: 4.0.5 - missing functions: none
symbol engine: initialized successfully - sym options: 0x614 - pdb path: .;C:\Program Files\Android\Android Studio1\jbr\bin;C:\Windows\SYSTEM32;C:\Windows\WinSxS\amd64_microsoft.windows.common-controls_6595b64144ccf1df_6.0.19041.4355_none_60b8b9eb71f62e16;C:\Program Files\Android\Android Studio1\jbr\bin\server

VM Arguments:
java_command: git4idea.http.GitAskPassApp Username for 'https://github.com': 
java_class_path (initial): C:/Program Files/Android/Android Studio1/plugins/vcs-git/lib/git4idea-rt.jar;C:/Program Files/Android/Android Studio1/lib/externalProcess-rt.jar
Launcher Type: SUN_STANDARD

[Global flags]
     intx CICompilerCount                          = 3                                         {product} {ergonomic}
     uint ConcGCThreads                            = 1                                         {product} {ergonomic}
     uint G1ConcRefinementThreads                  = 4                                         {product} {ergonomic}
   size_t G1HeapRegionSize                         = 2097152                                   {product} {ergonomic}
    uintx GCDrainStackTargetSize                   = 64                                        {product} {ergonomic}
   size_t InitialHeapSize                          = 264241152                                 {product} {ergonomic}
   size_t MarkStackSize                            = 4194304                                   {product} {ergonomic}
   size_t MaxHeapSize                              = 4219469824                                {product} {ergonomic}
   size_t MinHeapDeltaBytes                        = 2097152                                   {product} {ergonomic}
   size_t MinHeapSize                              = 8388608                                   {product} {ergonomic}
    uintx NonNMethodCodeHeapSize                   = 5832780                                {pd product} {ergonomic}
    uintx NonProfiledCodeHeapSize                  = 122912730                              {pd product} {ergonomic}
    uintx ProfiledCodeHeapSize                     = 122912730                              {pd product} {ergonomic}
    uintx ReservedCodeCacheSize                    = 251658240                              {pd product} {ergonomic}
     bool SegmentedCodeCache                       = true                                      {product} {ergonomic}
   size_t SoftMaxHeapSize                          = 4219469824                             {manageable} {ergonomic}
     bool UseCompressedClassPointers               = true                           {product lp64_product} {ergonomic}
     bool UseCompressedOops                        = true                           {product lp64_product} {ergonomic}
     bool UseG1GC                                  = true                                      {product} {ergonomic}
     bool UseLargePagesIndividualAllocation        = false                                  {pd product} {ergonomic}

Logging:
Log output configuration:
 #0: stdout all=warning uptime,level,tags
 #1: stderr all=off uptime,level,tags

Environment Variables:
JAVA_HOME=C:\Program Files\Android\Android Studio\jbr
PATH=C:\Program Files\Git\mingw64\libexec\git-core;C:\Program Files\Git\mingw64\libexec\git-core;C:\Program Files\Git\mingw64\bin;C:\Program Files\Git\usr\bin;C:\Users\Dell\bin;C:\Program Files\Common Files\Oracle\Java\javapath;C:\Program Files\Microsoft\jdk-11.0.20.8-hotspot\bin;C:\Windows\system32;C:\Windows;C:\Windows\System32\Wbem;C:\Windows\System32\WindowsPowerShell\v1.0;C:\Windows\System32\OpenSSH;C:\ProgramData\chocolatey\bin;C:\Program Files\nodejs;C:\Program Files\Android\Android Studio\jbr\bin;C:\Users\Dell\Downloads\sonar-scanner-5.0.1.3006-windows\bin;C:\Program Files\Git\cmd;C:\Users\Dell\AppData\Local\Android\Sdk\tools;C:\Users\Dell\AppData\Local\Microsoft\WindowsApps;C:\Users\Dell\AppData\Local\GitHubDesktop\bin;C:\Users\Dell\AppData\Roaming\npm;C:\Users\Dell\AppData\Local\Android\Sdk\platform-tools;C:\Users\Dell\AppData\Local\Programs\Microsoft VS Code\bin;C:\tools\dart-sdk\bin;C:\Users\Dell\AppData\Local\Pub\Cache\bin;C:\dev\flutter\bin;C:\Program Files\Android\Android Studio\jbr
USERNAME=Dell
DISPLAY=:0.0
LC_ALL=en_US.UTF-8
TERM=xterm-256color
TMPDIR=C:\Users\Dell\AppData\Local\Temp
OS=Windows_NT
PROCESSOR_IDENTIFIER=Intel64 Family 6 Model 142 Stepping 9, GenuineIntel
TMP=C:\Users\Dell\AppData\Local\Temp
TEMP=C:\Users\Dell\AppData\Local\Temp



Periodic native trim disabled

JNI global refs:
JNI global refs: 0, weak refs: 0

JNI global refs memory usage: 0, weak refs: 0

OOME stack traces (most recent first):
Classloader memory used:


---------------  S Y S T E M  ---------------

OS:
 Windows 10 , 64 bit Build 19041 (10.0.19041.3636)
OS uptime: 2 days 8:45 hours

CPU: total 4 (initial active 4) (2 cores per cpu, 2 threads per core) family 6 model 142 stepping 9 microcode 0xf0, cx8, cmov, fxsr, ht, mmx, 3dnowpref, sse, sse2, sse3, ssse3, sse4.1, sse4.2, popcnt, lzcnt, tsc, tscinvbit, avx, avx2, aes, erms, clmul, bmi1, bmi2, adx, fma, vzeroupper, clflush, clflushopt
Processor Information for all 4 processors :
  Max Mhz: 2901, Current Mhz: 2901, Mhz Limit: 2901

Memory: 4k page, system-wide physical 16089M (813M free)
TotalPageFile size 45817M (AvailPageFile size 239M)
current process WorkingSet (physical memory assigned to process): 10M, peak: 10M
current process commit charge ("private bytes"): 52M, peak: 303M

vm_info: OpenJDK 64-Bit Server VM (17.0.10+0--11572160) for windows-amd64 JRE (17.0.10+0--11572160), built on Mar 13 2024 23:56:38 by "androidbuild" with MS VC++ 16.10 / 16.11 (VS2019)

END.
